# JRE version: OpenJDK Runtime Environment Microsoft-13877124 (25.0.3+9) (build 25.0.3+9-LTS)
# Java VM: OpenJDK 64-Bit Server VM Microsoft-13877124 (25.0.3+9-LTS, mixed mode, emulated-client, sharing, tiered, compressed oops, compressed class ptrs, g1 gc, windows-amd64)
GC Precious Log:
 CardTable entry size: 512
 Card Set container configuration: InlinePtr #cards 4 size 8 Array Of Cards #cards 16 size 48 Howl #buckets 8 coarsen threshold 3686 Howl Bitmap #cards 512 size 80 coarsen threshold 460 Card regions per heap region 1 cards per card region 4096
 CPUs: 16 total, 16 available
 Memory: 15182M
 Large Page Support: Disabled
 NUMA Support: Disabled
 Compressed Oops: Enabled (Zero based)
 Heap Region Size: 2M
 Heap Min Capacity: 8M
 Heap Initial Capacity: 238M
 Heap Max Capacity: 3796M
 Pre-touch: Disabled
 Parallel Workers: 13
 Concurrent Workers: 3
 Concurrent Refinement Workers: 13
 Periodic GC: Disabled
 G1 Time-Based Heap Sizing enabled (uncommit-only)
 Evaluation Interval: 60s, Uncommit Delay: 300s, Min Regions To Uncommit: 10
Heap:
 garbage-first heap   total reserved 3887104K, committed 75776K, used 64933K [0x0000000712c00000, 0x0000000800000000)
  region size 2048K, 20 young (40960K), 3 survivors (6144K)
GC Heap Usage History (20 events):
Event: 1.500 {heap After GC invocations=1 (full 0):
 garbage-first heap   total reserved 3887104K, committed 245760K, used 9649K [0x0000000712c00000, 0x0000000800000000)
  region size 2048K, 3 young (6144K), 3 survivors (6144K)
}
Event: 2.227 {heap Before GC invocations=1 (full 0):
 garbage-first heap   total reserved 3887104K, committed 245760K, used 52657K [0x0000000712c00000, 0x0000000800000000)
  region size 2048K, 26 young (53248K), 3 survivors (6144K)
}
Event: 2.237 {heap After GC invocations=2 (full 0):
 garbage-first heap   total reserved 3887104K, committed 245760K, used 13989K [0x0000000712c00000, 0x0000000800000000)
  region size 2048K, 6 young (12288K), 6 survivors (12288K)
}
Event: 3.324 {heap Before GC invocations=3 (full 0):
 garbage-first heap   total reserved 3887104K, committed 61440K, used 56997K [0x0000000712c00000, 0x0000000800000000)
  region size 2048K, 27 young (55296K), 6 survivors (12288K)
}
Event: 3.335 {heap After GC invocations=4 (full 0):
 garbage-first heap   total reserved 3887104K, committed 75776K, used 16951K [0x0000000712c00000, 0x0000000800000000)
  region size 2048K, 4 young (8192K), 4 survivors (8192K)
}
Event: 3.770 {heap Before GC invocations=4 (full 0):
 garbage-first heap   total reserved 3887104K, committed 75776K, used 49719K [0x0000000712c00000, 0x0000000800000000)
  region size 2048K, 20 young (40960K), 4 survivors (8192K)
}
Event: 3.777 {heap After GC invocations=5 (full 0):
 garbage-first heap   total reserved 3887104K, committed 75776K, used 19133K [0x0000000712c00000, 0x0000000800000000)
  region size 2048K, 2 young (4096K), 2 survivors (4096K)
}
Event: 4.653 {heap Before GC invocations=5 (full 0):
 garbage-first heap   total reserved 3887104K, committed 75776K, used 51901K [0x0000000712c00000, 0x0000000800000000)
  region size 2048K, 19 young (38912K), 2 survivors (4096K)
}
Event: 4.658 {heap After GC invocations=6 (full 0):
 garbage-first heap   total reserved 3887104K, committed 75776K, used 21062K [0x0000000712c00000, 0x0000000800000000)
  region size 2048K, 3 young (6144K), 3 survivors (6144K)
}
Event: 4.741 {heap Before GC invocations=6 (full 0):
 garbage-first heap   total reserved 3887104K, committed 75776K, used 23110K [0x0000000712c00000, 0x0000000800000000)
  region size 2048K, 5 young (10240K), 3 survivors (6144K)
}
Event: 4.747 {heap After GC invocations=7 (full 0):
 garbage-first heap   total reserved 3887104K, committed 75776K, used 21357K [0x0000000712c00000, 0x0000000800000000)
  region size 2048K, 2 young (4096K), 2 survivors (4096K)
}
Event: 6.223 {heap Before GC invocations=8 (full 0):
 garbage-first heap   total reserved 3887104K, committed 75776K, used 58221K [0x0000000712c00000, 0x0000000800000000)
  region size 2048K, 20 young (40960K), 2 survivors (4096K)
}
Event: 6.228 {heap After GC invocations=9 (full 0):
 garbage-first heap   total reserved 3887104K, committed 75776K, used 23884K [0x0000000712c00000, 0x0000000800000000)
  region size 2048K, 3 young (6144K), 3 survivors (6144K)
}
Event: 7.617 {heap Before GC invocations=9 (full 0):
 garbage-first heap   total reserved 3887104K, committed 75776K, used 58700K [0x0000000712c00000, 0x0000000800000000)
  region size 2048K, 21 young (43008K), 3 survivors (6144K)
}
Event: 7.623 {heap After GC invocations=10 (full 0):
 garbage-first heap   total reserved 3887104K, committed 75776K, used 25572K [0x0000000712c00000, 0x0000000800000000)
  region size 2048K, 3 young (6144K), 3 survivors (6144K)
}
Event: 8.622 {heap Before GC invocations=10 (full 0):
 garbage-first heap   total reserved 3887104K, committed 75776K, used 58340K [0x0000000712c00000, 0x0000000800000000)
  region size 2048K, 20 young (40960K), 3 survivors (6144K)
}
Event: 8.627 {heap After GC invocations=11 (full 0):
 garbage-first heap   total reserved 3887104K, committed 75776K, used 27986K [0x0000000712c00000, 0x0000000800000000)
  region size 2048K, 3 young (6144K), 3 survivors (6144K)
}
Event: 9.858 {heap Before GC invocations=12 (full 0):
 garbage-first heap   total reserved 3887104K, committed 75776K, used 62802K [0x0000000712c00000, 0x0000000800000000)
  region size 2048K, 20 young (40960K), 3 survivors (6144K)
}
Event: 9.863 {heap After GC invocations=13 (full 0):
 garbage-first heap   total reserved 3887104K, committed 75776K, used 30117K [0x0000000712c00000, 0x0000000800000000)
  region size 2048K, 3 young (6144K), 3 survivors (6144K)
}
Event: 13.518 {heap Before GC invocations=13 (full 0):
 garbage-first heap   total reserved 3887104K, committed 75776K, used 64933K [0x0000000712c00000, 0x0000000800000000)
  region size 2048K, 20 young (40960K), 3 survivors (6144K)
}

