# JRE version: OpenJDK Runtime Environment Microsoft-13877124 (25.0.3+9) (build 25.0.3+9-LTS)
# Java VM: OpenJDK 64-Bit Server VM Microsoft-13877124 (25.0.3+9-LTS, mixed mode, emulated-client, sharing, tiered, compressed oops, compressed class ptrs, g1 gc, windows-amd64)
GC Precious Log:
 CardTable entry size: 512
 Card Set container configuration: InlinePtr #cards 4 size 8 Array Of Cards #cards 16 size 48 Howl #buckets 8 coarsen threshold 3686 Howl Bitmap #cards 512 size 80 coarsen threshold 460 Card regions per heap region 1 cards per card region 4096
 CPUs: 16 total, 16 available
 Memory: 15182M
 Large Page Support: Disabled
 NUMA Support: Disabled
 Compressed Oops: Enabled (Zero based)
 Heap Region Size: 2M
 Heap Min Capacity: 8M
 Heap Initial Capacity: 238M
 Heap Max Capacity: 3796M
 Pre-touch: Disabled
 Parallel Workers: 13
 Concurrent Workers: 3
 Concurrent Refinement Workers: 13
 Periodic GC: Disabled
 G1 Time-Based Heap Sizing enabled (uncommit-only)
 Evaluation Interval: 60s, Uncommit Delay: 300s, Min Regions To Uncommit: 10
Heap:
 garbage-first heap   total reserved 3887104K, committed 69632K, used 47990K [0x0000000712c00000, 0x0000000800000000)
  region size 2048K, 15 young (30720K), 3 survivors (6144K)
GC Heap Usage History (16 events):
Event: 1.541 {heap Before GC invocations=0 (full 0):
 garbage-first heap   total reserved 3887104K, committed 245760K, used 48274K [0x0000000712c00000, 0x0000000800000000)
  region size 2048K, 24 young (49152K), 0 survivors (0K)
}
Event: 1.549 {heap After GC invocations=1 (full 0):
 garbage-first heap   total reserved 3887104K, committed 245760K, used 10342K [0x0000000712c00000, 0x0000000800000000)
  region size 2048K, 3 young (6144K), 3 survivors (6144K)
}
Event: 2.428 {heap Before GC invocations=1 (full 0):
 garbage-first heap   total reserved 3887104K, committed 245760K, used 53350K [0x0000000712c00000, 0x0000000800000000)
  region size 2048K, 26 young (53248K), 3 survivors (6144K)
}
Event: 2.437 {heap After GC invocations=2 (full 0):
 garbage-first heap   total reserved 3887104K, committed 245760K, used 13649K [0x0000000712c00000, 0x0000000800000000)
  region size 2048K, 5 young (10240K), 5 survivors (10240K)
}
Event: 3.251 {heap Before GC invocations=3 (full 0):
 garbage-first heap   total reserved 3887104K, committed 55296K, used 52561K [0x0000000712c00000, 0x0000000800000000)
  region size 2048K, 24 young (49152K), 5 survivors (10240K)
}
Event: 3.259 {heap After GC invocations=4 (full 0):
 garbage-first heap   total reserved 3887104K, committed 69632K, used 17283K [0x0000000712c00000, 0x0000000800000000)
  region size 2048K, 7 young (14336K), 7 survivors (14336K)
}
Event: 3.718 {heap Before GC invocations=4 (full 0):
 garbage-first heap   total reserved 3887104K, committed 69632K, used 43907K [0x0000000712c00000, 0x0000000800000000)
  region size 2048K, 20 young (40960K), 7 survivors (14336K)
}
Event: 3.727 {heap After GC invocations=5 (full 0):
 garbage-first heap   total reserved 3887104K, committed 69632K, used 19140K [0x0000000712c00000, 0x0000000800000000)
  region size 2048K, 2 young (4096K), 2 survivors (4096K)
}
Event: 4.355 {heap Before GC invocations=5 (full 0):
 garbage-first heap   total reserved 3887104K, committed 69632K, used 47812K [0x0000000712c00000, 0x0000000800000000)
  region size 2048K, 17 young (34816K), 2 survivors (4096K)
}
Event: 4.360 {heap After GC invocations=6 (full 0):
 garbage-first heap   total reserved 3887104K, committed 69632K, used 20464K [0x0000000712c00000, 0x0000000800000000)
  region size 2048K, 3 young (6144K), 3 survivors (6144K)
}
Event: 4.794 {heap Before GC invocations=6 (full 0):
 garbage-first heap   total reserved 3887104K, committed 69632K, used 32752K [0x0000000712c00000, 0x0000000800000000)
  region size 2048K, 11 young (22528K), 3 survivors (6144K)
}
Event: 4.799 {heap After GC invocations=7 (full 0):
 garbage-first heap   total reserved 3887104K, committed 69632K, used 21499K [0x0000000712c00000, 0x0000000800000000)
  region size 2048K, 2 young (4096K), 2 survivors (4096K)
}
Event: 6.334 {heap Before GC invocations=8 (full 0):
 garbage-first heap   total reserved 3887104K, committed 69632K, used 54267K [0x0000000712c00000, 0x0000000800000000)
  region size 2048K, 18 young (36864K), 2 survivors (4096K)
}
Event: 6.341 {heap After GC invocations=9 (full 0):
 garbage-first heap   total reserved 3887104K, committed 69632K, used 23934K [0x0000000712c00000, 0x0000000800000000)
  region size 2048K, 3 young (6144K), 3 survivors (6144K)
}
Event: 7.516 {heap Before GC invocations=9 (full 0):
 garbage-first heap   total reserved 3887104K, committed 69632K, used 52606K [0x0000000712c00000, 0x0000000800000000)
  region size 2048K, 18 young (36864K), 3 survivors (6144K)
}
Event: 7.521 {heap After GC invocations=10 (full 0):
 garbage-first heap   total reserved 3887104K, committed 69632K, used 25462K [0x0000000712c00000, 0x0000000800000000)
  region size 2048K, 3 young (6144K), 3 survivors (6144K)
}

